{
  "RSpec": {
    "coverage": {
      "/Users/textchimp/sei/classwork/week10/fruitstore-tdd/app/controllers/fruits_controller.rb": {
        "lines": [
          1,
          1,
          null,
          null,
          1,
          4,
          null,
          4,
          2,
          null,
          null,
          null,
          null,
          null,
          null,
          2,
          null,
          null,
          null,
          null,
          1,
          null,
          8,
          null,
          null,
          8,
          8,
          10,
          null,
          null,
          null,
          null,
          1,
          null,
          null,
          1,
          null,
          null,
          1,
          null,
          null,
          1,
          null,
          null,
          null,
          1,
          null,
          1,
          4,
          null,
          null,
          null,
          null
        ]
      },
      "/Users/textchimp/sei/classwork/week10/fruitstore-tdd/app/controllers/application_controller.rb": {
        "lines": [
          1,
          null
        ]
      },
      "/Users/textchimp/sei/classwork/week10/fruitstore-tdd/spec/features/fruits_spec.rb": {
        "lines": [
          1,
          null,
          1,
          null,
          1,
          null,
          1,
          null,
          2,
          2,
          6,
          null,
          null,
          2,
          null,
          null,
          null,
          null,
          1,
          1,
          null,
          null,
          1,
          1,
          null,
          null,
          null,
          null,
          null,
          null,
          null
        ]
      },
      "/Users/textchimp/sei/classwork/week10/fruitstore-tdd/app/models/fruit.rb": {
        "lines": [
          1,
          null,
          1,
          null,
          1,
          null,
          null,
          1,
          0,
          null,
          null,
          null
        ]
      },
      "/Users/textchimp/sei/classwork/week10/fruitstore-tdd/app/models/application_record.rb": {
        "lines": [
          1,
          1,
          null
        ]
      },
      "/Users/textchimp/sei/classwork/week10/fruitstore-tdd/spec/helpers/fruits_helper_spec.rb": {
        "lines": [
          1,
          null,
          null,
          null,
          null,
          null,
          null,
          null,
          null,
          null,
          null,
          null,
          1,
          1,
          null
        ]
      },
      "/Users/textchimp/sei/classwork/week10/fruitstore-tdd/spec/models/fruit_spec.rb": {
        "lines": [
          1,
          null,
          1,
          null,
          null,
          null,
          null,
          null,
          null,
          2,
          null,
          null,
          1,
          8,
          8,
          8,
          null,
          null,
          1,
          null,
          1,
          1,
          null,
          null,
          1,
          1,
          null,
          null,
          1,
          1,
          null,
          1,
          null,
          null,
          1,
          1,
          null,
          1,
          null,
          null,
          null,
          1,
          1,
          null,
          null,
          null,
          null,
          1,
          1,
          1,
          null,
          null,
          1,
          1,
          null,
          1,
          null,
          null,
          1,
          1,
          1,
          null,
          null,
          null,
          null
        ]
      },
      "/Users/textchimp/sei/classwork/week10/fruitstore-tdd/spec/models/shelf_spec.rb": {
        "lines": [
          1,
          null,
          1,
          1,
          null
        ]
      },
      "/Users/textchimp/sei/classwork/week10/fruitstore-tdd/app/models/shelf.rb": {
        "lines": [
          1,
          null
        ]
      },
      "/Users/textchimp/sei/classwork/week10/fruitstore-tdd/spec/requests/fruits_request_spec.rb": {
        "lines": [
          1,
          null,
          1,
          null,
          1,
          1,
          1,
          1,
          null,
          null,
          null,
          1,
          1,
          1,
          1,
          null,
          null,
          null,
          1,
          1,
          1,
          1,
          null,
          null,
          null,
          1,
          1,
          1,
          1,
          null,
          null,
          null,
          1,
          1,
          1,
          1,
          null,
          null,
          null,
          1,
          1,
          1,
          1,
          null,
          null,
          null,
          1,
          1,
          1,
          1,
          null,
          null,
          null,
          null
        ]
      },
      "/Users/textchimp/sei/classwork/week10/fruitstore-tdd/spec/views/fruits/create.html.erb_spec.rb": {
        "lines": [
          1,
          null,
          1,
          1,
          null
        ]
      },
      "/Users/textchimp/sei/classwork/week10/fruitstore-tdd/spec/views/fruits/destroy.html.erb_spec.rb": {
        "lines": [
          1,
          null,
          1,
          1,
          null
        ]
      },
      "/Users/textchimp/sei/classwork/week10/fruitstore-tdd/spec/views/fruits/edit.html.erb_spec.rb": {
        "lines": [
          1,
          null,
          1,
          1,
          null
        ]
      },
      "/Users/textchimp/sei/classwork/week10/fruitstore-tdd/spec/views/fruits/index.html.erb_spec.rb": {
        "lines": [
          1,
          null,
          1,
          1,
          null
        ]
      },
      "/Users/textchimp/sei/classwork/week10/fruitstore-tdd/spec/views/fruits/new.html.erb_spec.rb": {
        "lines": [
          1,
          null,
          1,
          1,
          null
        ]
      },
      "/Users/textchimp/sei/classwork/week10/fruitstore-tdd/spec/views/fruits/show.html.erb_spec.rb": {
        "lines": [
          1,
          null,
          1,
          1,
          null
        ]
      },
      "/Users/textchimp/sei/classwork/week10/fruitstore-tdd/spec/views/fruits/update.html.erb_spec.rb": {
        "lines": [
          1,
          null,
          1,
          1,
          null
        ]
      },
      "/Users/textchimp/sei/classwork/week10/fruitstore-tdd/app/models/pear.rb": {
        "lines": [
          1,
          null,
          null,
          null,
          null,
          null,
          null,
          null,
          null,
          null,
          null,
          null,
          null,
          null,
          1,
          null,
          1,
          1,
          null,
          null,
          null
        ]
      }
    },
    "timestamp": 1600052606
  }
}
